<?xml version="1.0" encoding="UTF-8"?>
<!-- Generated by org.testng.reporters.JUnitReportReporter -->
<testsuite hostname="Rakesh" failures="0" tests="3" name="exampe.Priorities" time="9.014" errors="0" timestamp="2024-12-09T16:41:08 IST" skipped="0">
  <testcase classname="exampe.Priorities" name="register" time="3.991"/>
  <system-out/>
  <testcase classname="exampe.Priorities" name="forgot" time="3.866"/>
  <system-out/>
  <testcase classname="exampe.Priorities" name="login" time="1.157"/>
  <system-out/>
</testsuite> <!-- exampe.Priorities -->
