<?xml version="1.0" encoding="UTF-8"?>
<!-- Generated by org.testng.reporters.JUnitReportReporter -->
<testsuite hostname="Rakesh" failures="0" tests="2" name="parallel_Grouping.Saucedemo_Testcase" time="1.120" errors="0" timestamp="2024-12-17T09:59:19 IST" skipped="0">
  <testcase classname="parallel_Grouping.Saucedemo_Testcase" name="login" time="0.702"/>
  <system-out/>
  <testcase classname="parallel_Grouping.Saucedemo_Testcase" name="logout" time="0.418"/>
  <system-out/>
</testsuite> <!-- parallel_Grouping.Saucedemo_Testcase -->
