<?xml version="1.0" encoding="UTF-8"?>
<!-- Generated by org.testng.reporters.JUnitReportReporter -->
<testsuite hostname="Rakesh" failures="0" tests="3" name="example.Parameterization" time="17.774" errors="0" timestamp="2024-12-11T15:02:03 IST" skipped="0">
  <testcase classname="example.Parameterization" name="register" time="6.406"/>
  <system-out/>
  <testcase classname="example.Parameterization" name="logout" time="4.269"/>
  <system-out/>
  <testcase classname="example.Parameterization" name="login" time="7.099"/>
  <system-out/>
</testsuite> <!-- example.Parameterization -->
