<?xml version="1.0" encoding="UTF-8"?>
<!-- Generated by org.testng.reporters.JUnitReportReporter -->
<testsuite hostname="Rakesh" failures="0" tests="3" name="exampe.Annotaion_Prioritization" time="12.987" errors="0" timestamp="2024-12-10T08:52:58 IST" skipped="0">
  <testcase classname="exampe.Annotaion_Prioritization" name="forgotpassword" time="7.718"/>
  <system-out/>
  <testcase classname="exampe.Annotaion_Prioritization" name="login" time="3.768"/>
  <system-out/>
  <testcase classname="exampe.Annotaion_Prioritization" name="logout" time="1.501"/>
  <system-out/>
</testsuite> <!-- exampe.Annotaion_Prioritization -->
