<?xml version="1.0" encoding="UTF-8"?>
<!-- Generated by org.testng.reporters.JUnitReportReporter -->
<testsuite hostname="Rakesh" failures="0" tests="1" name="testcase_Package.TC_03_SelectAHotel_Test" time="8.313" errors="0" timestamp="2024-12-30T11:14:48 IST" skipped="0">
  <testcase classname="testcase_Package.TC_03_SelectAHotel_Test" name="selectHotel" time="8.313"/>
  <system-out/>
</testsuite> <!-- testcase_Package.TC_03_SelectAHotel_Test -->
