<?xml version="1.0" encoding="UTF-8"?>
<!-- Generated by org.testng.reporters.JUnitReportReporter -->
<testsuite hostname="Rakesh" failures="0" tests="2" name="example.TestNG_Practice" time="8.031" errors="0" timestamp="2024-12-26T15:11:33 IST" skipped="0">
  <testcase classname="example.TestNG_Practice" name="login" time="5.476"/>
  <system-out/>
  <testcase classname="example.TestNG_Practice" name="logout" time="2.555"/>
  <system-out/>
</testsuite> <!-- example.TestNG_Practice -->
