<?xml version="1.0" encoding="UTF-8"?>
<!-- Generated by org.testng.reporters.JUnitReportReporter -->
<testsuite hostname="Rakesh" failures="0" tests="2" name="example.Hard_Assert" time="0.973" errors="0" timestamp="2024-12-13T17:39:30 IST" skipped="0">
  <testcase classname="example.Hard_Assert" name="login" time="0.928"/>
  <system-out/>
  <testcase classname="example.Hard_Assert" name="verificationofswaglabs" time="0.045"/>
  <system-out/>
</testsuite> <!-- example.Hard_Assert -->
