<?xml version="1.0" encoding="UTF-8"?>
<!-- Generated by org.testng.reporters.JUnitReportReporter -->
<testsuite hostname="Rakesh" failures="0" tests="2" name="parallel_Grouping.Practice_Testcase" time="6.651" errors="0" timestamp="2024-12-12T15:16:29 IST" skipped="0">
  <testcase classname="parallel_Grouping.Practice_Testcase" name="login" time="4.058"/>
  <system-out/>
  <testcase classname="parallel_Grouping.Practice_Testcase" name="logout" time="2.593"/>
  <system-out/>
</testsuite> <!-- parallel_Grouping.Practice_Testcase -->
