<?xml version="1.0" encoding="UTF-8"?>
<!-- Generated by org.testng.reporters.JUnitReportReporter -->
<testsuite hostname="Rakesh" failures="0" tests="3" name="example.Annotaion_Prioritization" time="10.619" errors="0" timestamp="2024-12-12T15:38:11 IST" skipped="0">
  <testcase classname="example.Annotaion_Prioritization" name="forgotpassword" time="5.227"/>
  <system-out/>
  <testcase classname="example.Annotaion_Prioritization" name="login" time="3.668"/>
  <system-out/>
  <testcase classname="example.Annotaion_Prioritization" name="logout" time="1.724"/>
  <system-out/>
</testsuite> <!-- example.Annotaion_Prioritization -->
