<?xml version="1.0" encoding="UTF-8"?>
<!-- Generated by org.testng.reporters.JUnitReportReporter -->
<testsuite hostname="Rakesh" failures="0" tests="3" name="example.Invocation" time="28.669" errors="0" timestamp="2024-12-13T11:24:30 IST" skipped="0">
  <testcase classname="example.Invocation" name="login" time="9.547"/>
  <system-out/>
  <testcase classname="example.Invocation" name="login" time="9.141"/>
  <system-out/>
  <testcase classname="example.Invocation" name="login" time="9.981"/>
  <system-out/>
</testsuite> <!-- example.Invocation -->
