<?xml version="1.0" encoding="UTF-8"?>
<!-- Generated by org.testng.reporters.JUnitReportReporter -->
<testsuite hostname="Rakesh" failures="0" tests="1" name="testcase_Package.TC_05_BookedItennary_Test" time="10.375" errors="0" timestamp="2024-12-30T11:14:48 IST" skipped="0">
  <testcase classname="testcase_Package.TC_05_BookedItennary_Test" name="bookedItinerary" time="10.375"/>
  <system-out/>
</testsuite> <!-- testcase_Package.TC_05_BookedItennary_Test -->
