<?xml version="1.0" encoding="UTF-8"?>
<!-- Generated by org.testng.reporters.JUnitReportReporter -->
<testsuite hostname="Rakesh" failures="0" tests="4" name="example.Saucedemo_Dataprovider" time="3.703" errors="0" timestamp="2024-12-16T10:48:55 IST" skipped="0">
  <testcase classname="example.Saucedemo_Dataprovider" name="login" time="1.120"/>
  <system-out/>
  <testcase classname="example.Saucedemo_Dataprovider" name="login" time="0.756"/>
  <system-out/>
  <testcase classname="example.Saucedemo_Dataprovider" name="login" time="0.691"/>
  <system-out/>
  <testcase classname="example.Saucedemo_Dataprovider" name="login" time="1.136"/>
  <system-out/>
</testsuite> <!-- example.Saucedemo_Dataprovider -->
