<?xml version="1.0" encoding="UTF-8"?>
<!-- Generated by org.testng.reporters.JUnitReportReporter -->
<testsuite hostname="Rakesh" failures="0" tests="3" name="parallel_Grouping.Saucedemo_Grouping_Testcase" time="9.254" errors="0" timestamp="2024-12-12T09:12:40 IST" skipped="0">
  <testcase classname="parallel_Grouping.Saucedemo_Grouping_Testcase" name="openApp" time="7.629"/>
  <system-out/>
  <testcase classname="parallel_Grouping.Saucedemo_Grouping_Testcase" name="login" time="1.071"/>
  <system-out/>
  <testcase classname="parallel_Grouping.Saucedemo_Grouping_Testcase" name="logout" time="0.554"/>
  <system-out/>
</testsuite> <!-- parallel_Grouping.Saucedemo_Grouping_Testcase -->
