<?xml version="1.0" encoding="UTF-8"?>
<!-- Generated by org.testng.reporters.JUnitReportReporter -->
<testsuite hostname="Rakesh" failures="0" tests="3" name="Annotaion_Prioritization" time="12.702" errors="0" timestamp="2024-12-09T22:24:10 IST" skipped="0">
  <testcase classname="Annotaion_Prioritization" name="forgotpassword" time="6.301"/>
  <system-out/>
  <testcase classname="Annotaion_Prioritization" name="login" time="5.036"/>
  <system-out/>
  <testcase classname="Annotaion_Prioritization" name="logout" time="1.365"/>
  <system-out/>
</testsuite> <!-- Annotaion_Prioritization -->
